ARM GAS  /var/folders/_c/3mvhhp0n6c911sz2x6pc3_n40000gn/T//ccNQ0Myz.s 			page 1


   1              		.cpu cortex-m3
   2              		.eabi_attribute 20, 1
   3              		.eabi_attribute 21, 1
   4              		.eabi_attribute 23, 3
   5              		.eabi_attribute 24, 1
   6              		.eabi_attribute 25, 1
   7              		.eabi_attribute 26, 1
   8              		.eabi_attribute 30, 1
   9              		.eabi_attribute 34, 1
  10              		.eabi_attribute 18, 4
  11              		.file	"main.c"
  12              		.text
  13              	.Ltext0:
  14              		.cfi_sections	.debug_frame
  15              		.section	.text.MX_GPIO_Init,"ax",%progbits
  16              		.align	1
  17              		.arch armv7-m
  18              		.syntax unified
  19              		.thumb
  20              		.thumb_func
  21              		.fpu softvfp
  23              	MX_GPIO_Init:
  24              	.LFB69:
  25              		.file 1 "Src/main.c"
   1:Src/main.c    **** /* USER CODE BEGIN Header */
   2:Src/main.c    **** /**
   3:Src/main.c    ****   ******************************************************************************
   4:Src/main.c    ****   * @file           : main.c
   5:Src/main.c    ****   * @brief          : Main program body
   6:Src/main.c    ****   ******************************************************************************
   7:Src/main.c    ****   * @attention
   8:Src/main.c    ****   *
   9:Src/main.c    ****   * <h2><center>&copy; Copyright (c) 2020 STMicroelectronics.
  10:Src/main.c    ****   * All rights reserved.</center></h2>
  11:Src/main.c    ****   *
  12:Src/main.c    ****   * This software component is licensed by ST under BSD 3-Clause license,
  13:Src/main.c    ****   * the "License"; You may not use this file except in compliance with the
  14:Src/main.c    ****   * License. You may obtain a copy of the License at:
  15:Src/main.c    ****   *                        opensource.org/licenses/BSD-3-Clause
  16:Src/main.c    ****   *
  17:Src/main.c    ****   ******************************************************************************
  18:Src/main.c    ****   */
  19:Src/main.c    **** /* USER CODE END Header */
  20:Src/main.c    **** 
  21:Src/main.c    **** /* Includes ------------------------------------------------------------------*/
  22:Src/main.c    **** #include "main.h"
  23:Src/main.c    **** 
  24:Src/main.c    **** /* Private includes ----------------------------------------------------------*/
  25:Src/main.c    **** /* USER CODE BEGIN Includes */
  26:Src/main.c    **** 
  27:Src/main.c    **** /* USER CODE END Includes */
  28:Src/main.c    **** 
  29:Src/main.c    **** /* Private typedef -----------------------------------------------------------*/
  30:Src/main.c    **** /* USER CODE BEGIN PTD */
  31:Src/main.c    **** 
  32:Src/main.c    **** /* USER CODE END PTD */
  33:Src/main.c    **** 
ARM GAS  /var/folders/_c/3mvhhp0n6c911sz2x6pc3_n40000gn/T//ccNQ0Myz.s 			page 2


  34:Src/main.c    **** /* Private define ------------------------------------------------------------*/
  35:Src/main.c    **** /* USER CODE BEGIN PD */
  36:Src/main.c    **** /* USER CODE END PD */
  37:Src/main.c    **** 
  38:Src/main.c    **** /* Private macro -------------------------------------------------------------*/
  39:Src/main.c    **** /* USER CODE BEGIN PM */
  40:Src/main.c    **** 
  41:Src/main.c    **** /* USER CODE END PM */
  42:Src/main.c    **** 
  43:Src/main.c    **** /* Private variables ---------------------------------------------------------*/
  44:Src/main.c    **** SPI_HandleTypeDef hspi1;
  45:Src/main.c    **** 
  46:Src/main.c    **** TIM_HandleTypeDef htim2;
  47:Src/main.c    **** 
  48:Src/main.c    **** /* USER CODE BEGIN PV */
  49:Src/main.c    **** volatile char spi_data[] = "12345678901234567890123456789012345678901234567890123456789012345678901
  50:Src/main.c    **** volatile uint8_t seconds_elapsed = 0;
  51:Src/main.c    **** /* USER CODE END PV */
  52:Src/main.c    **** 
  53:Src/main.c    **** /* Private function prototypes -----------------------------------------------*/
  54:Src/main.c    **** void SystemClock_Config(void);
  55:Src/main.c    **** static void MX_GPIO_Init(void);
  56:Src/main.c    **** static void MX_TIM2_Init(void);
  57:Src/main.c    **** static void MX_SPI1_Init(void);
  58:Src/main.c    **** /* USER CODE BEGIN PFP */
  59:Src/main.c    **** 
  60:Src/main.c    **** /* USER CODE END PFP */
  61:Src/main.c    **** 
  62:Src/main.c    **** /* Private user code ---------------------------------------------------------*/
  63:Src/main.c    **** /* USER CODE BEGIN 0 */
  64:Src/main.c    **** 
  65:Src/main.c    **** /* USER CODE END 0 */
  66:Src/main.c    **** 
  67:Src/main.c    **** /**
  68:Src/main.c    ****   * @brief  The application entry point.
  69:Src/main.c    ****   * @retval int
  70:Src/main.c    ****   */
  71:Src/main.c    **** int main(void)
  72:Src/main.c    **** {
  73:Src/main.c    ****   /* USER CODE BEGIN 1 */
  74:Src/main.c    ****   uint8_t transmit_led_state = 0;
  75:Src/main.c    ****   /* USER CODE END 1 */
  76:Src/main.c    **** 
  77:Src/main.c    ****   /* MCU Configuration--------------------------------------------------------*/
  78:Src/main.c    **** 
  79:Src/main.c    ****   /* Reset of all peripherals, Initializes the Flash interface and the Systick. */
  80:Src/main.c    ****   HAL_Init();
  81:Src/main.c    **** 
  82:Src/main.c    ****   /* USER CODE BEGIN Init */
  83:Src/main.c    ****   /* USER CODE END Init */
  84:Src/main.c    **** 
  85:Src/main.c    ****   /* Configure the system clock */
  86:Src/main.c    ****   SystemClock_Config();
  87:Src/main.c    **** 
  88:Src/main.c    ****   /* USER CODE BEGIN SysInit */
  89:Src/main.c    **** 
  90:Src/main.c    ****   /* USER CODE END SysInit */
ARM GAS  /var/folders/_c/3mvhhp0n6c911sz2x6pc3_n40000gn/T//ccNQ0Myz.s 			page 3


  91:Src/main.c    **** 
  92:Src/main.c    ****   /* Initialize all configured peripherals */
  93:Src/main.c    ****   MX_GPIO_Init();
  94:Src/main.c    ****   MX_TIM2_Init();
  95:Src/main.c    ****   MX_SPI1_Init();
  96:Src/main.c    ****   /* USER CODE BEGIN 2 */
  97:Src/main.c    ****   HAL_TIM_Base_Start_IT(&htim2);
  98:Src/main.c    ****   /* USER CODE END 2 */
  99:Src/main.c    **** 
 100:Src/main.c    ****   /* Infinite loop */
 101:Src/main.c    ****   /* USER CODE BEGIN WHILE */
 102:Src/main.c    ****   while (1)
 103:Src/main.c    ****   {
 104:Src/main.c    ****     /* USER CODE END WHILE */
 105:Src/main.c    **** 
 106:Src/main.c    ****     /* USER CODE BEGIN 3 */
 107:Src/main.c    ****     if (seconds_elapsed >= 3) {
 108:Src/main.c    ****       // Toggle led every spi transmission
 109:Src/main.c    ****       HAL_GPIO_WritePin(GPIOB, GPIO_PIN_13, transmit_led_state ? GPIO_PIN_SET : GPIO_PIN_RESET);
 110:Src/main.c    ****       transmit_led_state ^= 0x1;
 111:Src/main.c    **** 
 112:Src/main.c    ****       // manually driving NSS with SW GPIO
 113:Src/main.c    ****       HAL_GPIO_WritePin(GPIOA, GPIO_PIN_4, GPIO_PIN_RESET);
 114:Src/main.c    ****       HAL_SPI_Transmit_IT(&hspi1, (uint8_t *)spi_data, sizeof(spi_data));
 115:Src/main.c    ****       volatile int i;
 116:Src/main.c    ****       for (i = 0; i < 1000; i++) {
 117:Src/main.c    ****         __NOP();
 118:Src/main.c    ****       }
 119:Src/main.c    ****       HAL_GPIO_WritePin(GPIOA, GPIO_PIN_4, GPIO_PIN_SET);
 120:Src/main.c    ****       seconds_elapsed = 0;
 121:Src/main.c    ****     }
 122:Src/main.c    ****   }
 123:Src/main.c    ****   /* USER CODE END 3 */
 124:Src/main.c    **** }
 125:Src/main.c    **** 
 126:Src/main.c    **** /**
 127:Src/main.c    ****   * @brief System Clock Configuration
 128:Src/main.c    ****   * @retval None
 129:Src/main.c    ****   */
 130:Src/main.c    **** void SystemClock_Config(void)
 131:Src/main.c    **** {
 132:Src/main.c    ****   RCC_OscInitTypeDef RCC_OscInitStruct = {0};
 133:Src/main.c    ****   RCC_ClkInitTypeDef RCC_ClkInitStruct = {0};
 134:Src/main.c    **** 
 135:Src/main.c    ****   /** Initializes the CPU, AHB and APB busses clocks 
 136:Src/main.c    ****   */
 137:Src/main.c    ****   RCC_OscInitStruct.OscillatorType = RCC_OSCILLATORTYPE_HSI;
 138:Src/main.c    ****   RCC_OscInitStruct.HSIState = RCC_HSI_ON;
 139:Src/main.c    ****   RCC_OscInitStruct.HSICalibrationValue = RCC_HSICALIBRATION_DEFAULT;
 140:Src/main.c    ****   RCC_OscInitStruct.PLL.PLLState = RCC_PLL_NONE;
 141:Src/main.c    ****   if (HAL_RCC_OscConfig(&RCC_OscInitStruct) != HAL_OK)
 142:Src/main.c    ****   {
 143:Src/main.c    ****     Error_Handler();
 144:Src/main.c    ****   }
 145:Src/main.c    ****   /** Initializes the CPU, AHB and APB busses clocks 
 146:Src/main.c    ****   */
 147:Src/main.c    ****   RCC_ClkInitStruct.ClockType = RCC_CLOCKTYPE_HCLK|RCC_CLOCKTYPE_SYSCLK
ARM GAS  /var/folders/_c/3mvhhp0n6c911sz2x6pc3_n40000gn/T//ccNQ0Myz.s 			page 4


 148:Src/main.c    ****                               |RCC_CLOCKTYPE_PCLK1|RCC_CLOCKTYPE_PCLK2;
 149:Src/main.c    ****   RCC_ClkInitStruct.SYSCLKSource = RCC_SYSCLKSOURCE_HSI;
 150:Src/main.c    ****   RCC_ClkInitStruct.AHBCLKDivider = RCC_SYSCLK_DIV1;
 151:Src/main.c    ****   RCC_ClkInitStruct.APB1CLKDivider = RCC_HCLK_DIV1;
 152:Src/main.c    ****   RCC_ClkInitStruct.APB2CLKDivider = RCC_HCLK_DIV1;
 153:Src/main.c    **** 
 154:Src/main.c    ****   if (HAL_RCC_ClockConfig(&RCC_ClkInitStruct, FLASH_LATENCY_0) != HAL_OK)
 155:Src/main.c    ****   {
 156:Src/main.c    ****     Error_Handler();
 157:Src/main.c    ****   }
 158:Src/main.c    **** }
 159:Src/main.c    **** 
 160:Src/main.c    **** /**
 161:Src/main.c    ****   * @brief SPI1 Initialization Function
 162:Src/main.c    ****   * @param None
 163:Src/main.c    ****   * @retval None
 164:Src/main.c    ****   */
 165:Src/main.c    **** static void MX_SPI1_Init(void)
 166:Src/main.c    **** {
 167:Src/main.c    **** 
 168:Src/main.c    ****   /* USER CODE BEGIN SPI1_Init 0 */
 169:Src/main.c    **** 
 170:Src/main.c    ****   /* USER CODE END SPI1_Init 0 */
 171:Src/main.c    **** 
 172:Src/main.c    ****   /* USER CODE BEGIN SPI1_Init 1 */
 173:Src/main.c    **** 
 174:Src/main.c    ****   /* USER CODE END SPI1_Init 1 */
 175:Src/main.c    ****   /* SPI1 parameter configuration*/
 176:Src/main.c    ****   hspi1.Instance = SPI1;
 177:Src/main.c    ****   hspi1.Init.Mode = SPI_MODE_MASTER;
 178:Src/main.c    ****   hspi1.Init.Direction = SPI_DIRECTION_2LINES;
 179:Src/main.c    ****   hspi1.Init.DataSize = SPI_DATASIZE_8BIT;
 180:Src/main.c    ****   hspi1.Init.CLKPolarity = SPI_POLARITY_LOW;
 181:Src/main.c    ****   hspi1.Init.CLKPhase = SPI_PHASE_1EDGE;
 182:Src/main.c    ****   hspi1.Init.NSS = SPI_NSS_SOFT;
 183:Src/main.c    ****   hspi1.Init.BaudRatePrescaler = SPI_BAUDRATEPRESCALER_32;
 184:Src/main.c    ****   hspi1.Init.FirstBit = SPI_FIRSTBIT_MSB;
 185:Src/main.c    ****   hspi1.Init.TIMode = SPI_TIMODE_DISABLE;
 186:Src/main.c    ****   hspi1.Init.CRCCalculation = SPI_CRCCALCULATION_DISABLE;
 187:Src/main.c    ****   hspi1.Init.CRCPolynomial = 10;
 188:Src/main.c    ****   if (HAL_SPI_Init(&hspi1) != HAL_OK)
 189:Src/main.c    ****   {
 190:Src/main.c    ****     Error_Handler();
 191:Src/main.c    ****   }
 192:Src/main.c    ****   /* USER CODE BEGIN SPI1_Init 2 */
 193:Src/main.c    **** 
 194:Src/main.c    ****   /* USER CODE END SPI1_Init 2 */
 195:Src/main.c    **** 
 196:Src/main.c    **** }
 197:Src/main.c    **** 
 198:Src/main.c    **** /**
 199:Src/main.c    ****   * @brief TIM2 Initialization Function
 200:Src/main.c    ****   * @param None
 201:Src/main.c    ****   * @retval None
 202:Src/main.c    ****   */
 203:Src/main.c    **** static void MX_TIM2_Init(void)
 204:Src/main.c    **** {
ARM GAS  /var/folders/_c/3mvhhp0n6c911sz2x6pc3_n40000gn/T//ccNQ0Myz.s 			page 5


 205:Src/main.c    **** 
 206:Src/main.c    ****   /* USER CODE BEGIN TIM2_Init 0 */
 207:Src/main.c    **** 
 208:Src/main.c    ****   /* USER CODE END TIM2_Init 0 */
 209:Src/main.c    **** 
 210:Src/main.c    ****   TIM_ClockConfigTypeDef sClockSourceConfig = {0};
 211:Src/main.c    ****   TIM_MasterConfigTypeDef sMasterConfig = {0};
 212:Src/main.c    **** 
 213:Src/main.c    ****   /* USER CODE BEGIN TIM2_Init 1 */
 214:Src/main.c    **** 
 215:Src/main.c    ****   /* USER CODE END TIM2_Init 1 */
 216:Src/main.c    ****   htim2.Instance = TIM2;
 217:Src/main.c    ****   htim2.Init.Prescaler = 800-1;
 218:Src/main.c    ****   htim2.Init.CounterMode = TIM_COUNTERMODE_UP;
 219:Src/main.c    ****   htim2.Init.Period = 10000-1;
 220:Src/main.c    ****   htim2.Init.ClockDivision = TIM_CLOCKDIVISION_DIV1;
 221:Src/main.c    ****   htim2.Init.AutoReloadPreload = TIM_AUTORELOAD_PRELOAD_DISABLE;
 222:Src/main.c    ****   if (HAL_TIM_Base_Init(&htim2) != HAL_OK)
 223:Src/main.c    ****   {
 224:Src/main.c    ****     Error_Handler();
 225:Src/main.c    ****   }
 226:Src/main.c    ****   sClockSourceConfig.ClockSource = TIM_CLOCKSOURCE_INTERNAL;
 227:Src/main.c    ****   if (HAL_TIM_ConfigClockSource(&htim2, &sClockSourceConfig) != HAL_OK)
 228:Src/main.c    ****   {
 229:Src/main.c    ****     Error_Handler();
 230:Src/main.c    ****   }
 231:Src/main.c    ****   sMasterConfig.MasterOutputTrigger = TIM_TRGO_RESET;
 232:Src/main.c    ****   sMasterConfig.MasterSlaveMode = TIM_MASTERSLAVEMODE_DISABLE;
 233:Src/main.c    ****   if (HAL_TIMEx_MasterConfigSynchronization(&htim2, &sMasterConfig) != HAL_OK)
 234:Src/main.c    ****   {
 235:Src/main.c    ****     Error_Handler();
 236:Src/main.c    ****   }
 237:Src/main.c    ****   /* USER CODE BEGIN TIM2_Init 2 */
 238:Src/main.c    **** 
 239:Src/main.c    ****   /* USER CODE END TIM2_Init 2 */
 240:Src/main.c    **** 
 241:Src/main.c    **** }
 242:Src/main.c    **** 
 243:Src/main.c    **** /**
 244:Src/main.c    ****   * @brief GPIO Initialization Function
 245:Src/main.c    ****   * @param None
 246:Src/main.c    ****   * @retval None
 247:Src/main.c    ****   */
 248:Src/main.c    **** static void MX_GPIO_Init(void)
 249:Src/main.c    **** {
  26              		.loc 1 249 1 view -0
  27              		.cfi_startproc
  28              		@ args = 0, pretend = 0, frame = 24
  29              		@ frame_needed = 0, uses_anonymous_args = 0
  30 0000 F0B5     		push	{r4, r5, r6, r7, lr}
  31              	.LCFI0:
  32              		.cfi_def_cfa_offset 20
  33              		.cfi_offset 4, -20
  34              		.cfi_offset 5, -16
  35              		.cfi_offset 6, -12
  36              		.cfi_offset 7, -8
  37              		.cfi_offset 14, -4
ARM GAS  /var/folders/_c/3mvhhp0n6c911sz2x6pc3_n40000gn/T//ccNQ0Myz.s 			page 6


  38 0002 87B0     		sub	sp, sp, #28
  39              	.LCFI1:
  40              		.cfi_def_cfa_offset 48
 250:Src/main.c    ****   GPIO_InitTypeDef GPIO_InitStruct = {0};
  41              		.loc 1 250 3 view .LVU1
  42              		.loc 1 250 20 is_stmt 0 view .LVU2
  43 0004 0024     		movs	r4, #0
  44 0006 0294     		str	r4, [sp, #8]
  45 0008 0394     		str	r4, [sp, #12]
  46 000a 0494     		str	r4, [sp, #16]
  47 000c 0594     		str	r4, [sp, #20]
 251:Src/main.c    **** 
 252:Src/main.c    ****   /* GPIO Ports Clock Enable */
 253:Src/main.c    ****   __HAL_RCC_GPIOA_CLK_ENABLE();
  48              		.loc 1 253 3 is_stmt 1 view .LVU3
  49              	.LBB2:
  50              		.loc 1 253 3 view .LVU4
  51              		.loc 1 253 3 view .LVU5
  52 000e 254B     		ldr	r3, .L3
  53 0010 9A69     		ldr	r2, [r3, #24]
  54 0012 42F00402 		orr	r2, r2, #4
  55 0016 9A61     		str	r2, [r3, #24]
  56              		.loc 1 253 3 view .LVU6
  57 0018 9A69     		ldr	r2, [r3, #24]
  58 001a 02F00402 		and	r2, r2, #4
  59 001e 0092     		str	r2, [sp]
  60              		.loc 1 253 3 view .LVU7
  61 0020 009A     		ldr	r2, [sp]
  62              	.LBE2:
  63              		.loc 1 253 3 view .LVU8
 254:Src/main.c    ****   __HAL_RCC_GPIOB_CLK_ENABLE();
  64              		.loc 1 254 3 view .LVU9
  65              	.LBB3:
  66              		.loc 1 254 3 view .LVU10
  67              		.loc 1 254 3 view .LVU11
  68 0022 9A69     		ldr	r2, [r3, #24]
  69 0024 42F00802 		orr	r2, r2, #8
  70 0028 9A61     		str	r2, [r3, #24]
  71              		.loc 1 254 3 view .LVU12
  72 002a 9B69     		ldr	r3, [r3, #24]
  73 002c 03F00803 		and	r3, r3, #8
  74 0030 0193     		str	r3, [sp, #4]
  75              		.loc 1 254 3 view .LVU13
  76 0032 019B     		ldr	r3, [sp, #4]
  77              	.LBE3:
  78              		.loc 1 254 3 view .LVU14
 255:Src/main.c    **** 
 256:Src/main.c    ****   /*Configure GPIO pin Output Level */
 257:Src/main.c    ****   HAL_GPIO_WritePin(GPIOA, GPIO_PIN_4, GPIO_PIN_SET);
  79              		.loc 1 257 3 view .LVU15
  80 0034 1C4F     		ldr	r7, .L3+4
  81 0036 0122     		movs	r2, #1
  82 0038 1021     		movs	r1, #16
  83 003a 3846     		mov	r0, r7
  84 003c FFF7FEFF 		bl	HAL_GPIO_WritePin
  85              	.LVL0:
 258:Src/main.c    **** 
ARM GAS  /var/folders/_c/3mvhhp0n6c911sz2x6pc3_n40000gn/T//ccNQ0Myz.s 			page 7


 259:Src/main.c    ****   /*Configure GPIO pin Output Level */
 260:Src/main.c    ****   HAL_GPIO_WritePin(GPIOB, GPIO_PIN_13, GPIO_PIN_SET);
  86              		.loc 1 260 3 view .LVU16
  87 0040 1A4E     		ldr	r6, .L3+8
  88 0042 0122     		movs	r2, #1
  89 0044 4FF40051 		mov	r1, #8192
  90 0048 3046     		mov	r0, r6
  91 004a FFF7FEFF 		bl	HAL_GPIO_WritePin
  92              	.LVL1:
 261:Src/main.c    **** 
 262:Src/main.c    ****   /*Configure GPIO pin : PA4 */
 263:Src/main.c    ****   GPIO_InitStruct.Pin = GPIO_PIN_4;
  93              		.loc 1 263 3 view .LVU17
  94              		.loc 1 263 23 is_stmt 0 view .LVU18
  95 004e 1023     		movs	r3, #16
  96 0050 0293     		str	r3, [sp, #8]
 264:Src/main.c    ****   GPIO_InitStruct.Mode = GPIO_MODE_OUTPUT_PP;
  97              		.loc 1 264 3 is_stmt 1 view .LVU19
  98              		.loc 1 264 24 is_stmt 0 view .LVU20
  99 0052 0125     		movs	r5, #1
 100 0054 0395     		str	r5, [sp, #12]
 265:Src/main.c    ****   GPIO_InitStruct.Pull = GPIO_PULLUP;
 101              		.loc 1 265 3 is_stmt 1 view .LVU21
 102              		.loc 1 265 24 is_stmt 0 view .LVU22
 103 0056 0495     		str	r5, [sp, #16]
 266:Src/main.c    ****   GPIO_InitStruct.Speed = GPIO_SPEED_FREQ_HIGH;
 104              		.loc 1 266 3 is_stmt 1 view .LVU23
 105              		.loc 1 266 25 is_stmt 0 view .LVU24
 106 0058 0323     		movs	r3, #3
 107 005a 0593     		str	r3, [sp, #20]
 267:Src/main.c    ****   HAL_GPIO_Init(GPIOA, &GPIO_InitStruct);
 108              		.loc 1 267 3 is_stmt 1 view .LVU25
 109 005c 02A9     		add	r1, sp, #8
 110 005e 3846     		mov	r0, r7
 111 0060 FFF7FEFF 		bl	HAL_GPIO_Init
 112              	.LVL2:
 268:Src/main.c    **** 
 269:Src/main.c    ****   /*Configure GPIO pin : PB12 */
 270:Src/main.c    ****   GPIO_InitStruct.Pin = GPIO_PIN_12;
 113              		.loc 1 270 3 view .LVU26
 114              		.loc 1 270 23 is_stmt 0 view .LVU27
 115 0064 4FF48053 		mov	r3, #4096
 116 0068 0293     		str	r3, [sp, #8]
 271:Src/main.c    ****   GPIO_InitStruct.Mode = GPIO_MODE_IT_RISING;
 117              		.loc 1 271 3 is_stmt 1 view .LVU28
 118              		.loc 1 271 24 is_stmt 0 view .LVU29
 119 006a 114B     		ldr	r3, .L3+12
 120 006c 0393     		str	r3, [sp, #12]
 272:Src/main.c    ****   GPIO_InitStruct.Pull = GPIO_PULLDOWN;
 121              		.loc 1 272 3 is_stmt 1 view .LVU30
 122              		.loc 1 272 24 is_stmt 0 view .LVU31
 123 006e 0227     		movs	r7, #2
 124 0070 0497     		str	r7, [sp, #16]
 273:Src/main.c    ****   HAL_GPIO_Init(GPIOB, &GPIO_InitStruct);
 125              		.loc 1 273 3 is_stmt 1 view .LVU32
 126 0072 02A9     		add	r1, sp, #8
 127 0074 3046     		mov	r0, r6
ARM GAS  /var/folders/_c/3mvhhp0n6c911sz2x6pc3_n40000gn/T//ccNQ0Myz.s 			page 8


 128 0076 FFF7FEFF 		bl	HAL_GPIO_Init
 129              	.LVL3:
 274:Src/main.c    **** 
 275:Src/main.c    ****   /*Configure GPIO pin : PB13 */
 276:Src/main.c    ****   GPIO_InitStruct.Pin = GPIO_PIN_13;
 130              		.loc 1 276 3 view .LVU33
 131              		.loc 1 276 23 is_stmt 0 view .LVU34
 132 007a 4FF40053 		mov	r3, #8192
 133 007e 0293     		str	r3, [sp, #8]
 277:Src/main.c    ****   GPIO_InitStruct.Mode = GPIO_MODE_OUTPUT_PP;
 134              		.loc 1 277 3 is_stmt 1 view .LVU35
 135              		.loc 1 277 24 is_stmt 0 view .LVU36
 136 0080 0395     		str	r5, [sp, #12]
 278:Src/main.c    ****   GPIO_InitStruct.Pull = GPIO_PULLUP;
 137              		.loc 1 278 3 is_stmt 1 view .LVU37
 138              		.loc 1 278 24 is_stmt 0 view .LVU38
 139 0082 0495     		str	r5, [sp, #16]
 279:Src/main.c    ****   GPIO_InitStruct.Speed = GPIO_SPEED_FREQ_LOW;
 140              		.loc 1 279 3 is_stmt 1 view .LVU39
 141              		.loc 1 279 25 is_stmt 0 view .LVU40
 142 0084 0597     		str	r7, [sp, #20]
 280:Src/main.c    ****   HAL_GPIO_Init(GPIOB, &GPIO_InitStruct);
 143              		.loc 1 280 3 is_stmt 1 view .LVU41
 144 0086 02A9     		add	r1, sp, #8
 145 0088 3046     		mov	r0, r6
 146 008a FFF7FEFF 		bl	HAL_GPIO_Init
 147              	.LVL4:
 281:Src/main.c    **** 
 282:Src/main.c    ****   /* EXTI interrupt init*/
 283:Src/main.c    ****   HAL_NVIC_SetPriority(EXTI15_10_IRQn, 0, 0);
 148              		.loc 1 283 3 view .LVU42
 149 008e 2246     		mov	r2, r4
 150 0090 2146     		mov	r1, r4
 151 0092 2820     		movs	r0, #40
 152 0094 FFF7FEFF 		bl	HAL_NVIC_SetPriority
 153              	.LVL5:
 284:Src/main.c    ****   HAL_NVIC_EnableIRQ(EXTI15_10_IRQn);
 154              		.loc 1 284 3 view .LVU43
 155 0098 2820     		movs	r0, #40
 156 009a FFF7FEFF 		bl	HAL_NVIC_EnableIRQ
 157              	.LVL6:
 285:Src/main.c    **** 
 286:Src/main.c    **** }
 158              		.loc 1 286 1 is_stmt 0 view .LVU44
 159 009e 07B0     		add	sp, sp, #28
 160              	.LCFI2:
 161              		.cfi_def_cfa_offset 20
 162              		@ sp needed
 163 00a0 F0BD     		pop	{r4, r5, r6, r7, pc}
 164              	.L4:
 165 00a2 00BF     		.align	2
 166              	.L3:
 167 00a4 00100240 		.word	1073876992
 168 00a8 00080140 		.word	1073809408
 169 00ac 000C0140 		.word	1073810432
 170 00b0 00001110 		.word	269549568
 171              		.cfi_endproc
ARM GAS  /var/folders/_c/3mvhhp0n6c911sz2x6pc3_n40000gn/T//ccNQ0Myz.s 			page 9


 172              	.LFE69:
 174              		.section	.text.MX_TIM2_Init,"ax",%progbits
 175              		.align	1
 176              		.syntax unified
 177              		.thumb
 178              		.thumb_func
 179              		.fpu softvfp
 181              	MX_TIM2_Init:
 182              	.LFB68:
 204:Src/main.c    **** 
 183              		.loc 1 204 1 is_stmt 1 view -0
 184              		.cfi_startproc
 185              		@ args = 0, pretend = 0, frame = 24
 186              		@ frame_needed = 0, uses_anonymous_args = 0
 187 0000 30B5     		push	{r4, r5, lr}
 188              	.LCFI3:
 189              		.cfi_def_cfa_offset 12
 190              		.cfi_offset 4, -12
 191              		.cfi_offset 5, -8
 192              		.cfi_offset 14, -4
 193 0002 87B0     		sub	sp, sp, #28
 194              	.LCFI4:
 195              		.cfi_def_cfa_offset 40
 210:Src/main.c    ****   TIM_MasterConfigTypeDef sMasterConfig = {0};
 196              		.loc 1 210 3 view .LVU46
 210:Src/main.c    ****   TIM_MasterConfigTypeDef sMasterConfig = {0};
 197              		.loc 1 210 26 is_stmt 0 view .LVU47
 198 0004 0024     		movs	r4, #0
 199 0006 0294     		str	r4, [sp, #8]
 200 0008 0394     		str	r4, [sp, #12]
 201 000a 0494     		str	r4, [sp, #16]
 202 000c 0594     		str	r4, [sp, #20]
 211:Src/main.c    **** 
 203              		.loc 1 211 3 is_stmt 1 view .LVU48
 211:Src/main.c    **** 
 204              		.loc 1 211 27 is_stmt 0 view .LVU49
 205 000e 0094     		str	r4, [sp]
 206 0010 0194     		str	r4, [sp, #4]
 216:Src/main.c    ****   htim2.Init.Prescaler = 800-1;
 207              		.loc 1 216 3 is_stmt 1 view .LVU50
 216:Src/main.c    ****   htim2.Init.Prescaler = 800-1;
 208              		.loc 1 216 18 is_stmt 0 view .LVU51
 209 0012 0F4D     		ldr	r5, .L7
 210 0014 4FF08043 		mov	r3, #1073741824
 211 0018 2B60     		str	r3, [r5]
 217:Src/main.c    ****   htim2.Init.CounterMode = TIM_COUNTERMODE_UP;
 212              		.loc 1 217 3 is_stmt 1 view .LVU52
 217:Src/main.c    ****   htim2.Init.CounterMode = TIM_COUNTERMODE_UP;
 213              		.loc 1 217 24 is_stmt 0 view .LVU53
 214 001a 40F21F33 		movw	r3, #799
 215 001e 6B60     		str	r3, [r5, #4]
 218:Src/main.c    ****   htim2.Init.Period = 10000-1;
 216              		.loc 1 218 3 is_stmt 1 view .LVU54
 218:Src/main.c    ****   htim2.Init.Period = 10000-1;
 217              		.loc 1 218 26 is_stmt 0 view .LVU55
 218 0020 AC60     		str	r4, [r5, #8]
 219:Src/main.c    ****   htim2.Init.ClockDivision = TIM_CLOCKDIVISION_DIV1;
ARM GAS  /var/folders/_c/3mvhhp0n6c911sz2x6pc3_n40000gn/T//ccNQ0Myz.s 			page 10


 219              		.loc 1 219 3 is_stmt 1 view .LVU56
 219:Src/main.c    ****   htim2.Init.ClockDivision = TIM_CLOCKDIVISION_DIV1;
 220              		.loc 1 219 21 is_stmt 0 view .LVU57
 221 0022 42F20F73 		movw	r3, #9999
 222 0026 EB60     		str	r3, [r5, #12]
 220:Src/main.c    ****   htim2.Init.AutoReloadPreload = TIM_AUTORELOAD_PRELOAD_DISABLE;
 223              		.loc 1 220 3 is_stmt 1 view .LVU58
 220:Src/main.c    ****   htim2.Init.AutoReloadPreload = TIM_AUTORELOAD_PRELOAD_DISABLE;
 224              		.loc 1 220 28 is_stmt 0 view .LVU59
 225 0028 2C61     		str	r4, [r5, #16]
 221:Src/main.c    ****   if (HAL_TIM_Base_Init(&htim2) != HAL_OK)
 226              		.loc 1 221 3 is_stmt 1 view .LVU60
 221:Src/main.c    ****   if (HAL_TIM_Base_Init(&htim2) != HAL_OK)
 227              		.loc 1 221 32 is_stmt 0 view .LVU61
 228 002a AC61     		str	r4, [r5, #24]
 222:Src/main.c    ****   {
 229              		.loc 1 222 3 is_stmt 1 view .LVU62
 222:Src/main.c    ****   {
 230              		.loc 1 222 7 is_stmt 0 view .LVU63
 231 002c 2846     		mov	r0, r5
 232 002e FFF7FEFF 		bl	HAL_TIM_Base_Init
 233              	.LVL7:
 226:Src/main.c    ****   if (HAL_TIM_ConfigClockSource(&htim2, &sClockSourceConfig) != HAL_OK)
 234              		.loc 1 226 3 is_stmt 1 view .LVU64
 226:Src/main.c    ****   if (HAL_TIM_ConfigClockSource(&htim2, &sClockSourceConfig) != HAL_OK)
 235              		.loc 1 226 34 is_stmt 0 view .LVU65
 236 0032 4FF48053 		mov	r3, #4096
 237 0036 0293     		str	r3, [sp, #8]
 227:Src/main.c    ****   {
 238              		.loc 1 227 3 is_stmt 1 view .LVU66
 227:Src/main.c    ****   {
 239              		.loc 1 227 7 is_stmt 0 view .LVU67
 240 0038 02A9     		add	r1, sp, #8
 241 003a 2846     		mov	r0, r5
 242 003c FFF7FEFF 		bl	HAL_TIM_ConfigClockSource
 243              	.LVL8:
 231:Src/main.c    ****   sMasterConfig.MasterSlaveMode = TIM_MASTERSLAVEMODE_DISABLE;
 244              		.loc 1 231 3 is_stmt 1 view .LVU68
 231:Src/main.c    ****   sMasterConfig.MasterSlaveMode = TIM_MASTERSLAVEMODE_DISABLE;
 245              		.loc 1 231 37 is_stmt 0 view .LVU69
 246 0040 0094     		str	r4, [sp]
 232:Src/main.c    ****   if (HAL_TIMEx_MasterConfigSynchronization(&htim2, &sMasterConfig) != HAL_OK)
 247              		.loc 1 232 3 is_stmt 1 view .LVU70
 232:Src/main.c    ****   if (HAL_TIMEx_MasterConfigSynchronization(&htim2, &sMasterConfig) != HAL_OK)
 248              		.loc 1 232 33 is_stmt 0 view .LVU71
 249 0042 0194     		str	r4, [sp, #4]
 233:Src/main.c    ****   {
 250              		.loc 1 233 3 is_stmt 1 view .LVU72
 233:Src/main.c    ****   {
 251              		.loc 1 233 7 is_stmt 0 view .LVU73
 252 0044 6946     		mov	r1, sp
 253 0046 2846     		mov	r0, r5
 254 0048 FFF7FEFF 		bl	HAL_TIMEx_MasterConfigSynchronization
 255              	.LVL9:
 241:Src/main.c    **** 
 256              		.loc 1 241 1 view .LVU74
 257 004c 07B0     		add	sp, sp, #28
ARM GAS  /var/folders/_c/3mvhhp0n6c911sz2x6pc3_n40000gn/T//ccNQ0Myz.s 			page 11


 258              	.LCFI5:
 259              		.cfi_def_cfa_offset 12
 260              		@ sp needed
 261 004e 30BD     		pop	{r4, r5, pc}
 262              	.L8:
 263              		.align	2
 264              	.L7:
 265 0050 00000000 		.word	htim2
 266              		.cfi_endproc
 267              	.LFE68:
 269              		.section	.text.MX_SPI1_Init,"ax",%progbits
 270              		.align	1
 271              		.syntax unified
 272              		.thumb
 273              		.thumb_func
 274              		.fpu softvfp
 276              	MX_SPI1_Init:
 277              	.LFB67:
 166:Src/main.c    **** 
 278              		.loc 1 166 1 is_stmt 1 view -0
 279              		.cfi_startproc
 280              		@ args = 0, pretend = 0, frame = 0
 281              		@ frame_needed = 0, uses_anonymous_args = 0
 282 0000 08B5     		push	{r3, lr}
 283              	.LCFI6:
 284              		.cfi_def_cfa_offset 8
 285              		.cfi_offset 3, -8
 286              		.cfi_offset 14, -4
 176:Src/main.c    ****   hspi1.Init.Mode = SPI_MODE_MASTER;
 287              		.loc 1 176 3 view .LVU76
 176:Src/main.c    ****   hspi1.Init.Mode = SPI_MODE_MASTER;
 288              		.loc 1 176 18 is_stmt 0 view .LVU77
 289 0002 0C48     		ldr	r0, .L11
 290 0004 0C4B     		ldr	r3, .L11+4
 291 0006 0360     		str	r3, [r0]
 177:Src/main.c    ****   hspi1.Init.Direction = SPI_DIRECTION_2LINES;
 292              		.loc 1 177 3 is_stmt 1 view .LVU78
 177:Src/main.c    ****   hspi1.Init.Direction = SPI_DIRECTION_2LINES;
 293              		.loc 1 177 19 is_stmt 0 view .LVU79
 294 0008 4FF48273 		mov	r3, #260
 295 000c 4360     		str	r3, [r0, #4]
 178:Src/main.c    ****   hspi1.Init.DataSize = SPI_DATASIZE_8BIT;
 296              		.loc 1 178 3 is_stmt 1 view .LVU80
 178:Src/main.c    ****   hspi1.Init.DataSize = SPI_DATASIZE_8BIT;
 297              		.loc 1 178 24 is_stmt 0 view .LVU81
 298 000e 0023     		movs	r3, #0
 299 0010 8360     		str	r3, [r0, #8]
 179:Src/main.c    ****   hspi1.Init.CLKPolarity = SPI_POLARITY_LOW;
 300              		.loc 1 179 3 is_stmt 1 view .LVU82
 179:Src/main.c    ****   hspi1.Init.CLKPolarity = SPI_POLARITY_LOW;
 301              		.loc 1 179 23 is_stmt 0 view .LVU83
 302 0012 C360     		str	r3, [r0, #12]
 180:Src/main.c    ****   hspi1.Init.CLKPhase = SPI_PHASE_1EDGE;
 303              		.loc 1 180 3 is_stmt 1 view .LVU84
 180:Src/main.c    ****   hspi1.Init.CLKPhase = SPI_PHASE_1EDGE;
 304              		.loc 1 180 26 is_stmt 0 view .LVU85
 305 0014 0361     		str	r3, [r0, #16]
ARM GAS  /var/folders/_c/3mvhhp0n6c911sz2x6pc3_n40000gn/T//ccNQ0Myz.s 			page 12


 181:Src/main.c    ****   hspi1.Init.NSS = SPI_NSS_SOFT;
 306              		.loc 1 181 3 is_stmt 1 view .LVU86
 181:Src/main.c    ****   hspi1.Init.NSS = SPI_NSS_SOFT;
 307              		.loc 1 181 23 is_stmt 0 view .LVU87
 308 0016 4361     		str	r3, [r0, #20]
 182:Src/main.c    ****   hspi1.Init.BaudRatePrescaler = SPI_BAUDRATEPRESCALER_32;
 309              		.loc 1 182 3 is_stmt 1 view .LVU88
 182:Src/main.c    ****   hspi1.Init.BaudRatePrescaler = SPI_BAUDRATEPRESCALER_32;
 310              		.loc 1 182 18 is_stmt 0 view .LVU89
 311 0018 4FF40072 		mov	r2, #512
 312 001c 8261     		str	r2, [r0, #24]
 183:Src/main.c    ****   hspi1.Init.FirstBit = SPI_FIRSTBIT_MSB;
 313              		.loc 1 183 3 is_stmt 1 view .LVU90
 183:Src/main.c    ****   hspi1.Init.FirstBit = SPI_FIRSTBIT_MSB;
 314              		.loc 1 183 32 is_stmt 0 view .LVU91
 315 001e 2022     		movs	r2, #32
 316 0020 C261     		str	r2, [r0, #28]
 184:Src/main.c    ****   hspi1.Init.TIMode = SPI_TIMODE_DISABLE;
 317              		.loc 1 184 3 is_stmt 1 view .LVU92
 184:Src/main.c    ****   hspi1.Init.TIMode = SPI_TIMODE_DISABLE;
 318              		.loc 1 184 23 is_stmt 0 view .LVU93
 319 0022 0362     		str	r3, [r0, #32]
 185:Src/main.c    ****   hspi1.Init.CRCCalculation = SPI_CRCCALCULATION_DISABLE;
 320              		.loc 1 185 3 is_stmt 1 view .LVU94
 185:Src/main.c    ****   hspi1.Init.CRCCalculation = SPI_CRCCALCULATION_DISABLE;
 321              		.loc 1 185 21 is_stmt 0 view .LVU95
 322 0024 4362     		str	r3, [r0, #36]
 186:Src/main.c    ****   hspi1.Init.CRCPolynomial = 10;
 323              		.loc 1 186 3 is_stmt 1 view .LVU96
 186:Src/main.c    ****   hspi1.Init.CRCPolynomial = 10;
 324              		.loc 1 186 29 is_stmt 0 view .LVU97
 325 0026 8362     		str	r3, [r0, #40]
 187:Src/main.c    ****   if (HAL_SPI_Init(&hspi1) != HAL_OK)
 326              		.loc 1 187 3 is_stmt 1 view .LVU98
 187:Src/main.c    ****   if (HAL_SPI_Init(&hspi1) != HAL_OK)
 327              		.loc 1 187 28 is_stmt 0 view .LVU99
 328 0028 0A23     		movs	r3, #10
 329 002a C362     		str	r3, [r0, #44]
 188:Src/main.c    ****   {
 330              		.loc 1 188 3 is_stmt 1 view .LVU100
 188:Src/main.c    ****   {
 331              		.loc 1 188 7 is_stmt 0 view .LVU101
 332 002c FFF7FEFF 		bl	HAL_SPI_Init
 333              	.LVL10:
 196:Src/main.c    **** 
 334              		.loc 1 196 1 view .LVU102
 335 0030 08BD     		pop	{r3, pc}
 336              	.L12:
 337 0032 00BF     		.align	2
 338              	.L11:
 339 0034 00000000 		.word	hspi1
 340 0038 00300140 		.word	1073819648
 341              		.cfi_endproc
 342              	.LFE67:
 344              		.section	.text.SystemClock_Config,"ax",%progbits
 345              		.align	1
 346              		.global	SystemClock_Config
ARM GAS  /var/folders/_c/3mvhhp0n6c911sz2x6pc3_n40000gn/T//ccNQ0Myz.s 			page 13


 347              		.syntax unified
 348              		.thumb
 349              		.thumb_func
 350              		.fpu softvfp
 352              	SystemClock_Config:
 353              	.LFB66:
 131:Src/main.c    ****   RCC_OscInitTypeDef RCC_OscInitStruct = {0};
 354              		.loc 1 131 1 is_stmt 1 view -0
 355              		.cfi_startproc
 356              		@ args = 0, pretend = 0, frame = 64
 357              		@ frame_needed = 0, uses_anonymous_args = 0
 358 0000 10B5     		push	{r4, lr}
 359              	.LCFI7:
 360              		.cfi_def_cfa_offset 8
 361              		.cfi_offset 4, -8
 362              		.cfi_offset 14, -4
 363 0002 90B0     		sub	sp, sp, #64
 364              	.LCFI8:
 365              		.cfi_def_cfa_offset 72
 132:Src/main.c    ****   RCC_ClkInitTypeDef RCC_ClkInitStruct = {0};
 366              		.loc 1 132 3 view .LVU104
 132:Src/main.c    ****   RCC_ClkInitTypeDef RCC_ClkInitStruct = {0};
 367              		.loc 1 132 22 is_stmt 0 view .LVU105
 368 0004 2422     		movs	r2, #36
 369 0006 0021     		movs	r1, #0
 370 0008 07A8     		add	r0, sp, #28
 371 000a FFF7FEFF 		bl	memset
 372              	.LVL11:
 133:Src/main.c    **** 
 373              		.loc 1 133 3 is_stmt 1 view .LVU106
 133:Src/main.c    **** 
 374              		.loc 1 133 22 is_stmt 0 view .LVU107
 375 000e 0024     		movs	r4, #0
 376 0010 0194     		str	r4, [sp, #4]
 377 0012 0294     		str	r4, [sp, #8]
 378 0014 0394     		str	r4, [sp, #12]
 379 0016 0494     		str	r4, [sp, #16]
 380 0018 0594     		str	r4, [sp, #20]
 137:Src/main.c    ****   RCC_OscInitStruct.HSIState = RCC_HSI_ON;
 381              		.loc 1 137 3 is_stmt 1 view .LVU108
 137:Src/main.c    ****   RCC_OscInitStruct.HSIState = RCC_HSI_ON;
 382              		.loc 1 137 36 is_stmt 0 view .LVU109
 383 001a 0223     		movs	r3, #2
 384 001c 0693     		str	r3, [sp, #24]
 138:Src/main.c    ****   RCC_OscInitStruct.HSICalibrationValue = RCC_HSICALIBRATION_DEFAULT;
 385              		.loc 1 138 3 is_stmt 1 view .LVU110
 138:Src/main.c    ****   RCC_OscInitStruct.HSICalibrationValue = RCC_HSICALIBRATION_DEFAULT;
 386              		.loc 1 138 30 is_stmt 0 view .LVU111
 387 001e 0123     		movs	r3, #1
 388 0020 0A93     		str	r3, [sp, #40]
 139:Src/main.c    ****   RCC_OscInitStruct.PLL.PLLState = RCC_PLL_NONE;
 389              		.loc 1 139 3 is_stmt 1 view .LVU112
 139:Src/main.c    ****   RCC_OscInitStruct.PLL.PLLState = RCC_PLL_NONE;
 390              		.loc 1 139 41 is_stmt 0 view .LVU113
 391 0022 1023     		movs	r3, #16
 392 0024 0B93     		str	r3, [sp, #44]
 140:Src/main.c    ****   if (HAL_RCC_OscConfig(&RCC_OscInitStruct) != HAL_OK)
ARM GAS  /var/folders/_c/3mvhhp0n6c911sz2x6pc3_n40000gn/T//ccNQ0Myz.s 			page 14


 393              		.loc 1 140 3 is_stmt 1 view .LVU114
 141:Src/main.c    ****   {
 394              		.loc 1 141 3 view .LVU115
 141:Src/main.c    ****   {
 395              		.loc 1 141 7 is_stmt 0 view .LVU116
 396 0026 06A8     		add	r0, sp, #24
 397 0028 FFF7FEFF 		bl	HAL_RCC_OscConfig
 398              	.LVL12:
 147:Src/main.c    ****                               |RCC_CLOCKTYPE_PCLK1|RCC_CLOCKTYPE_PCLK2;
 399              		.loc 1 147 3 is_stmt 1 view .LVU117
 147:Src/main.c    ****                               |RCC_CLOCKTYPE_PCLK1|RCC_CLOCKTYPE_PCLK2;
 400              		.loc 1 147 31 is_stmt 0 view .LVU118
 401 002c 0F23     		movs	r3, #15
 402 002e 0193     		str	r3, [sp, #4]
 149:Src/main.c    ****   RCC_ClkInitStruct.AHBCLKDivider = RCC_SYSCLK_DIV1;
 403              		.loc 1 149 3 is_stmt 1 view .LVU119
 149:Src/main.c    ****   RCC_ClkInitStruct.AHBCLKDivider = RCC_SYSCLK_DIV1;
 404              		.loc 1 149 34 is_stmt 0 view .LVU120
 405 0030 0294     		str	r4, [sp, #8]
 150:Src/main.c    ****   RCC_ClkInitStruct.APB1CLKDivider = RCC_HCLK_DIV1;
 406              		.loc 1 150 3 is_stmt 1 view .LVU121
 150:Src/main.c    ****   RCC_ClkInitStruct.APB1CLKDivider = RCC_HCLK_DIV1;
 407              		.loc 1 150 35 is_stmt 0 view .LVU122
 408 0032 0394     		str	r4, [sp, #12]
 151:Src/main.c    ****   RCC_ClkInitStruct.APB2CLKDivider = RCC_HCLK_DIV1;
 409              		.loc 1 151 3 is_stmt 1 view .LVU123
 151:Src/main.c    ****   RCC_ClkInitStruct.APB2CLKDivider = RCC_HCLK_DIV1;
 410              		.loc 1 151 36 is_stmt 0 view .LVU124
 411 0034 0494     		str	r4, [sp, #16]
 152:Src/main.c    **** 
 412              		.loc 1 152 3 is_stmt 1 view .LVU125
 152:Src/main.c    **** 
 413              		.loc 1 152 36 is_stmt 0 view .LVU126
 414 0036 0594     		str	r4, [sp, #20]
 154:Src/main.c    ****   {
 415              		.loc 1 154 3 is_stmt 1 view .LVU127
 154:Src/main.c    ****   {
 416              		.loc 1 154 7 is_stmt 0 view .LVU128
 417 0038 2146     		mov	r1, r4
 418 003a 01A8     		add	r0, sp, #4
 419 003c FFF7FEFF 		bl	HAL_RCC_ClockConfig
 420              	.LVL13:
 158:Src/main.c    **** 
 421              		.loc 1 158 1 view .LVU129
 422 0040 10B0     		add	sp, sp, #64
 423              	.LCFI9:
 424              		.cfi_def_cfa_offset 8
 425              		@ sp needed
 426 0042 10BD     		pop	{r4, pc}
 427              		.cfi_endproc
 428              	.LFE66:
 430              		.section	.text.main,"ax",%progbits
 431              		.align	1
 432              		.global	main
 433              		.syntax unified
 434              		.thumb
 435              		.thumb_func
ARM GAS  /var/folders/_c/3mvhhp0n6c911sz2x6pc3_n40000gn/T//ccNQ0Myz.s 			page 15


 436              		.fpu softvfp
 438              	main:
 439              	.LFB65:
  72:Src/main.c    ****   /* USER CODE BEGIN 1 */
 440              		.loc 1 72 1 is_stmt 1 view -0
 441              		.cfi_startproc
 442              		@ args = 0, pretend = 0, frame = 8
 443              		@ frame_needed = 0, uses_anonymous_args = 0
 444 0000 10B5     		push	{r4, lr}
 445              	.LCFI10:
 446              		.cfi_def_cfa_offset 8
 447              		.cfi_offset 4, -8
 448              		.cfi_offset 14, -4
 449 0002 82B0     		sub	sp, sp, #8
 450              	.LCFI11:
 451              		.cfi_def_cfa_offset 16
  74:Src/main.c    ****   /* USER CODE END 1 */
 452              		.loc 1 74 3 view .LVU131
 453              	.LVL14:
  80:Src/main.c    **** 
 454              		.loc 1 80 3 view .LVU132
 455 0004 FFF7FEFF 		bl	HAL_Init
 456              	.LVL15:
  86:Src/main.c    **** 
 457              		.loc 1 86 3 view .LVU133
 458 0008 FFF7FEFF 		bl	SystemClock_Config
 459              	.LVL16:
  93:Src/main.c    ****   MX_TIM2_Init();
 460              		.loc 1 93 3 view .LVU134
 461 000c FFF7FEFF 		bl	MX_GPIO_Init
 462              	.LVL17:
  94:Src/main.c    ****   MX_SPI1_Init();
 463              		.loc 1 94 3 view .LVU135
 464 0010 FFF7FEFF 		bl	MX_TIM2_Init
 465              	.LVL18:
  95:Src/main.c    ****   /* USER CODE BEGIN 2 */
 466              		.loc 1 95 3 view .LVU136
 467 0014 FFF7FEFF 		bl	MX_SPI1_Init
 468              	.LVL19:
  97:Src/main.c    ****   /* USER CODE END 2 */
 469              		.loc 1 97 3 view .LVU137
 470 0018 1848     		ldr	r0, .L21
 471 001a FFF7FEFF 		bl	HAL_TIM_Base_Start_IT
 472              	.LVL20:
  74:Src/main.c    ****   /* USER CODE END 1 */
 473              		.loc 1 74 11 is_stmt 0 view .LVU138
 474 001e 0024     		movs	r4, #0
 475 0020 0FE0     		b	.L16
 476              	.LVL21:
 477              	.L18:
 478              	.LBB4:
 117:Src/main.c    ****       }
 479              		.loc 1 117 9 is_stmt 1 discriminator 3 view .LVU139
 480              		.syntax unified
 481              	@ 117 "Src/main.c" 1
 482 0022 00BF     		nop
 483              	@ 0 "" 2
ARM GAS  /var/folders/_c/3mvhhp0n6c911sz2x6pc3_n40000gn/T//ccNQ0Myz.s 			page 16


 116:Src/main.c    ****         __NOP();
 484              		.loc 1 116 29 discriminator 3 view .LVU140
 116:Src/main.c    ****         __NOP();
 485              		.loc 1 116 30 is_stmt 0 discriminator 3 view .LVU141
 486              		.thumb
 487              		.syntax unified
 488 0024 019B     		ldr	r3, [sp, #4]
 489 0026 0133     		adds	r3, r3, #1
 490 0028 0193     		str	r3, [sp, #4]
 491              	.L17:
 116:Src/main.c    ****         __NOP();
 492              		.loc 1 116 19 is_stmt 1 discriminator 1 view .LVU142
 116:Src/main.c    ****         __NOP();
 493              		.loc 1 116 21 is_stmt 0 discriminator 1 view .LVU143
 494 002a 019B     		ldr	r3, [sp, #4]
 116:Src/main.c    ****         __NOP();
 495              		.loc 1 116 7 discriminator 1 view .LVU144
 496 002c B3F57A7F 		cmp	r3, #1000
 497 0030 F7DB     		blt	.L18
 119:Src/main.c    ****       seconds_elapsed = 0;
 498              		.loc 1 119 7 is_stmt 1 view .LVU145
 499 0032 0122     		movs	r2, #1
 500 0034 1021     		movs	r1, #16
 501 0036 1248     		ldr	r0, .L21+4
 502 0038 FFF7FEFF 		bl	HAL_GPIO_WritePin
 503              	.LVL22:
 120:Src/main.c    ****     }
 504              		.loc 1 120 7 view .LVU146
 120:Src/main.c    ****     }
 505              		.loc 1 120 23 is_stmt 0 view .LVU147
 506 003c 114B     		ldr	r3, .L21+8
 507 003e 0022     		movs	r2, #0
 508 0040 1A70     		strb	r2, [r3]
 509              	.LVL23:
 510              	.L16:
 120:Src/main.c    ****     }
 511              		.loc 1 120 23 view .LVU148
 512              	.LBE4:
 102:Src/main.c    ****   {
 513              		.loc 1 102 3 is_stmt 1 view .LVU149
 107:Src/main.c    ****       // Toggle led every spi transmission
 514              		.loc 1 107 5 view .LVU150
 107:Src/main.c    ****       // Toggle led every spi transmission
 515              		.loc 1 107 25 is_stmt 0 view .LVU151
 516 0042 104B     		ldr	r3, .L21+8
 517 0044 1B78     		ldrb	r3, [r3]	@ zero_extendqisi2
 518 0046 DBB2     		uxtb	r3, r3
 107:Src/main.c    ****       // Toggle led every spi transmission
 519              		.loc 1 107 8 view .LVU152
 520 0048 022B     		cmp	r3, #2
 521 004a FAD9     		bls	.L16
 522              	.LBB5:
 109:Src/main.c    ****       transmit_led_state ^= 0x1;
 523              		.loc 1 109 7 is_stmt 1 view .LVU153
 524 004c 221E     		subs	r2, r4, #0
 525 004e 18BF     		it	ne
 526 0050 0122     		movne	r2, #1
ARM GAS  /var/folders/_c/3mvhhp0n6c911sz2x6pc3_n40000gn/T//ccNQ0Myz.s 			page 17


 527 0052 4FF40051 		mov	r1, #8192
 528 0056 0C48     		ldr	r0, .L21+12
 529 0058 FFF7FEFF 		bl	HAL_GPIO_WritePin
 530              	.LVL24:
 110:Src/main.c    **** 
 531              		.loc 1 110 7 view .LVU154
 110:Src/main.c    **** 
 532              		.loc 1 110 26 is_stmt 0 view .LVU155
 533 005c 84F00104 		eor	r4, r4, #1
 534              	.LVL25:
 113:Src/main.c    ****       HAL_SPI_Transmit_IT(&hspi1, (uint8_t *)spi_data, sizeof(spi_data));
 535              		.loc 1 113 7 is_stmt 1 view .LVU156
 536 0060 0022     		movs	r2, #0
 537 0062 1021     		movs	r1, #16
 538 0064 0648     		ldr	r0, .L21+4
 539 0066 FFF7FEFF 		bl	HAL_GPIO_WritePin
 540              	.LVL26:
 114:Src/main.c    ****       volatile int i;
 541              		.loc 1 114 7 view .LVU157
 542 006a 6622     		movs	r2, #102
 543 006c 0749     		ldr	r1, .L21+16
 544 006e 0848     		ldr	r0, .L21+20
 545 0070 FFF7FEFF 		bl	HAL_SPI_Transmit_IT
 546              	.LVL27:
 115:Src/main.c    ****       for (i = 0; i < 1000; i++) {
 547              		.loc 1 115 7 view .LVU158
 116:Src/main.c    ****         __NOP();
 548              		.loc 1 116 7 view .LVU159
 116:Src/main.c    ****         __NOP();
 549              		.loc 1 116 14 is_stmt 0 view .LVU160
 550 0074 0023     		movs	r3, #0
 551 0076 0193     		str	r3, [sp, #4]
 116:Src/main.c    ****         __NOP();
 552              		.loc 1 116 7 view .LVU161
 553 0078 D7E7     		b	.L17
 554              	.L22:
 555 007a 00BF     		.align	2
 556              	.L21:
 557 007c 00000000 		.word	htim2
 558 0080 00080140 		.word	1073809408
 559 0084 00000000 		.word	.LANCHOR0
 560 0088 000C0140 		.word	1073810432
 561 008c 00000000 		.word	.LANCHOR1
 562 0090 00000000 		.word	hspi1
 563              	.LBE5:
 564              		.cfi_endproc
 565              	.LFE65:
 567              		.section	.text.HAL_GPIO_EXTI_Callback,"ax",%progbits
 568              		.align	1
 569              		.global	HAL_GPIO_EXTI_Callback
 570              		.syntax unified
 571              		.thumb
 572              		.thumb_func
 573              		.fpu softvfp
 575              	HAL_GPIO_EXTI_Callback:
 576              	.LVL28:
 577              	.LFB70:
ARM GAS  /var/folders/_c/3mvhhp0n6c911sz2x6pc3_n40000gn/T//ccNQ0Myz.s 			page 18


 287:Src/main.c    **** 
 288:Src/main.c    **** /* USER CODE BEGIN 4 */
 289:Src/main.c    **** void HAL_GPIO_EXTI_Callback(uint16_t pin) {
 578              		.loc 1 289 43 is_stmt 1 view -0
 579              		.cfi_startproc
 580              		@ args = 0, pretend = 0, frame = 0
 581              		@ frame_needed = 0, uses_anonymous_args = 0
 290:Src/main.c    ****   switch (pin) {
 582              		.loc 1 290 3 view .LVU163
 583 0000 B0F5805F 		cmp	r0, #4096
 584 0004 00D0     		beq	.L29
 585 0006 7047     		bx	lr
 586              	.L29:
 289:Src/main.c    ****   switch (pin) {
 587              		.loc 1 289 43 is_stmt 0 view .LVU164
 588 0008 08B5     		push	{r3, lr}
 589              	.LCFI12:
 590              		.cfi_def_cfa_offset 8
 591              		.cfi_offset 3, -8
 592              		.cfi_offset 14, -4
 291:Src/main.c    ****   case GPIO_PIN_12:
 292:Src/main.c    ****     HAL_GPIO_TogglePin(GPIOB, GPIO_PIN_13);
 593              		.loc 1 292 5 is_stmt 1 view .LVU165
 594 000a 4FF40051 		mov	r1, #8192
 595 000e 0248     		ldr	r0, .L30
 596              	.LVL29:
 597              		.loc 1 292 5 is_stmt 0 view .LVU166
 598 0010 FFF7FEFF 		bl	HAL_GPIO_TogglePin
 599              	.LVL30:
 293:Src/main.c    ****     break;
 600              		.loc 1 293 5 is_stmt 1 view .LVU167
 294:Src/main.c    ****   }
 295:Src/main.c    **** }
 601              		.loc 1 295 1 is_stmt 0 view .LVU168
 602 0014 08BD     		pop	{r3, pc}
 603              	.L31:
 604 0016 00BF     		.align	2
 605              	.L30:
 606 0018 000C0140 		.word	1073810432
 607              		.cfi_endproc
 608              	.LFE70:
 610              		.section	.text.HAL_TIM_PeriodElapsedCallback,"ax",%progbits
 611              		.align	1
 612              		.global	HAL_TIM_PeriodElapsedCallback
 613              		.syntax unified
 614              		.thumb
 615              		.thumb_func
 616              		.fpu softvfp
 618              	HAL_TIM_PeriodElapsedCallback:
 619              	.LVL31:
 620              	.LFB71:
 296:Src/main.c    **** 
 297:Src/main.c    **** void HAL_TIM_PeriodElapsedCallback(TIM_HandleTypeDef *htim) {
 621              		.loc 1 297 61 is_stmt 1 view -0
 622              		.cfi_startproc
 623              		@ args = 0, pretend = 0, frame = 0
 624              		@ frame_needed = 0, uses_anonymous_args = 0
ARM GAS  /var/folders/_c/3mvhhp0n6c911sz2x6pc3_n40000gn/T//ccNQ0Myz.s 			page 19


 625              		@ link register save eliminated.
 298:Src/main.c    ****   if (htim->Instance == htim2.Instance) {
 626              		.loc 1 298 3 view .LVU170
 627              		.loc 1 298 11 is_stmt 0 view .LVU171
 628 0000 0268     		ldr	r2, [r0]
 629              		.loc 1 298 30 view .LVU172
 630 0002 054B     		ldr	r3, .L35
 631 0004 1B68     		ldr	r3, [r3]
 632              		.loc 1 298 6 view .LVU173
 633 0006 9A42     		cmp	r2, r3
 634 0008 00D0     		beq	.L34
 635              	.L32:
 299:Src/main.c    ****     seconds_elapsed += 1;
 300:Src/main.c    ****   }
 301:Src/main.c    **** }
 636              		.loc 1 301 1 view .LVU174
 637 000a 7047     		bx	lr
 638              	.L34:
 299:Src/main.c    ****     seconds_elapsed += 1;
 639              		.loc 1 299 5 is_stmt 1 view .LVU175
 299:Src/main.c    ****     seconds_elapsed += 1;
 640              		.loc 1 299 21 is_stmt 0 view .LVU176
 641 000c 034A     		ldr	r2, .L35+4
 642 000e 1378     		ldrb	r3, [r2]	@ zero_extendqisi2
 643 0010 0133     		adds	r3, r3, #1
 644 0012 DBB2     		uxtb	r3, r3
 645 0014 1370     		strb	r3, [r2]
 646              		.loc 1 301 1 view .LVU177
 647 0016 F8E7     		b	.L32
 648              	.L36:
 649              		.align	2
 650              	.L35:
 651 0018 00000000 		.word	htim2
 652 001c 00000000 		.word	.LANCHOR0
 653              		.cfi_endproc
 654              	.LFE71:
 656              		.section	.text.Error_Handler,"ax",%progbits
 657              		.align	1
 658              		.global	Error_Handler
 659              		.syntax unified
 660              		.thumb
 661              		.thumb_func
 662              		.fpu softvfp
 664              	Error_Handler:
 665              	.LFB72:
 302:Src/main.c    **** /* USER CODE END 4 */
 303:Src/main.c    **** 
 304:Src/main.c    **** /**
 305:Src/main.c    ****   * @brief  This function is executed in case of error occurrence.
 306:Src/main.c    ****   * @retval None
 307:Src/main.c    ****   */
 308:Src/main.c    **** void Error_Handler(void)
 309:Src/main.c    **** {
 666              		.loc 1 309 1 is_stmt 1 view -0
 667              		.cfi_startproc
 668              		@ args = 0, pretend = 0, frame = 0
 669              		@ frame_needed = 0, uses_anonymous_args = 0
ARM GAS  /var/folders/_c/3mvhhp0n6c911sz2x6pc3_n40000gn/T//ccNQ0Myz.s 			page 20


 670              		@ link register save eliminated.
 310:Src/main.c    ****   /* USER CODE BEGIN Error_Handler_Debug */
 311:Src/main.c    ****   /* User can add his own implementation to report the HAL error return state */
 312:Src/main.c    **** 
 313:Src/main.c    ****   /* USER CODE END Error_Handler_Debug */
 314:Src/main.c    **** }
 671              		.loc 1 314 1 view .LVU179
 672 0000 7047     		bx	lr
 673              		.cfi_endproc
 674              	.LFE72:
 676              		.global	seconds_elapsed
 677              		.global	spi_data
 678              		.comm	htim2,64,4
 679              		.comm	hspi1,88,4
 680              		.section	.bss.seconds_elapsed,"aw",%nobits
 681              		.set	.LANCHOR0,. + 0
 684              	seconds_elapsed:
 685 0000 00       		.space	1
 686              		.section	.data.spi_data,"aw"
 687              		.align	2
 688              		.set	.LANCHOR1,. + 0
 691              	spi_data:
 692 0000 31323334 		.ascii	"123456789012345678901234567890123456789012345678901"
 692      35363738 
 692      39303132 
 692      33343536 
 692      37383930 
 693 0033 32333435 		.ascii	"234567890123456789012345678901234567890xxxxxxxxxa\012"
 693      36373839 
 693      30313233 
 693      34353637 
 693      38393031 
 694 0065 00       		.ascii	"\000"
 695              		.text
 696              	.Letext0:
 697              		.file 2 "/usr/local/Caskroom/gcc-arm-embedded/9-2019-q4-major/gcc-arm-none-eabi-9-2019-q4-major/ar
 698              		.file 3 "/usr/local/Caskroom/gcc-arm-embedded/9-2019-q4-major/gcc-arm-none-eabi-9-2019-q4-major/ar
 699              		.file 4 "Drivers/CMSIS/Include/core_cm3.h"
 700              		.file 5 "Drivers/CMSIS/Device/ST/STM32F1xx/Include/system_stm32f1xx.h"
 701              		.file 6 "Drivers/CMSIS/Device/ST/STM32F1xx/Include/stm32f103xb.h"
 702              		.file 7 "Drivers/STM32F1xx_HAL_Driver/Inc/stm32f1xx_hal_def.h"
 703              		.file 8 "Drivers/STM32F1xx_HAL_Driver/Inc/stm32f1xx_hal_rcc.h"
 704              		.file 9 "Drivers/STM32F1xx_HAL_Driver/Inc/stm32f1xx_hal_rcc_ex.h"
 705              		.file 10 "Drivers/STM32F1xx_HAL_Driver/Inc/stm32f1xx_hal_gpio.h"
 706              		.file 11 "Drivers/STM32F1xx_HAL_Driver/Inc/stm32f1xx_hal_dma.h"
 707              		.file 12 "Drivers/STM32F1xx_HAL_Driver/Inc/stm32f1xx_hal_spi.h"
 708              		.file 13 "Drivers/STM32F1xx_HAL_Driver/Inc/stm32f1xx_hal_tim.h"
 709              		.file 14 "Drivers/STM32F1xx_HAL_Driver/Inc/stm32f1xx_hal.h"
 710              		.file 15 "Drivers/STM32F1xx_HAL_Driver/Inc/stm32f1xx_hal_cortex.h"
 711              		.file 16 "Drivers/STM32F1xx_HAL_Driver/Inc/stm32f1xx_hal_tim_ex.h"
 712              		.file 17 "<built-in>"
ARM GAS  /var/folders/_c/3mvhhp0n6c911sz2x6pc3_n40000gn/T//ccNQ0Myz.s 			page 21


DEFINED SYMBOLS
                            *ABS*:0000000000000000 main.c
/var/folders/_c/3mvhhp0n6c911sz2x6pc3_n40000gn/T//ccNQ0Myz.s:16     .text.MX_GPIO_Init:0000000000000000 $t
/var/folders/_c/3mvhhp0n6c911sz2x6pc3_n40000gn/T//ccNQ0Myz.s:23     .text.MX_GPIO_Init:0000000000000000 MX_GPIO_Init
/var/folders/_c/3mvhhp0n6c911sz2x6pc3_n40000gn/T//ccNQ0Myz.s:167    .text.MX_GPIO_Init:00000000000000a4 $d
/var/folders/_c/3mvhhp0n6c911sz2x6pc3_n40000gn/T//ccNQ0Myz.s:175    .text.MX_TIM2_Init:0000000000000000 $t
/var/folders/_c/3mvhhp0n6c911sz2x6pc3_n40000gn/T//ccNQ0Myz.s:181    .text.MX_TIM2_Init:0000000000000000 MX_TIM2_Init
/var/folders/_c/3mvhhp0n6c911sz2x6pc3_n40000gn/T//ccNQ0Myz.s:265    .text.MX_TIM2_Init:0000000000000050 $d
                            *COM*:0000000000000040 htim2
/var/folders/_c/3mvhhp0n6c911sz2x6pc3_n40000gn/T//ccNQ0Myz.s:270    .text.MX_SPI1_Init:0000000000000000 $t
/var/folders/_c/3mvhhp0n6c911sz2x6pc3_n40000gn/T//ccNQ0Myz.s:276    .text.MX_SPI1_Init:0000000000000000 MX_SPI1_Init
/var/folders/_c/3mvhhp0n6c911sz2x6pc3_n40000gn/T//ccNQ0Myz.s:339    .text.MX_SPI1_Init:0000000000000034 $d
                            *COM*:0000000000000058 hspi1
/var/folders/_c/3mvhhp0n6c911sz2x6pc3_n40000gn/T//ccNQ0Myz.s:345    .text.SystemClock_Config:0000000000000000 $t
/var/folders/_c/3mvhhp0n6c911sz2x6pc3_n40000gn/T//ccNQ0Myz.s:352    .text.SystemClock_Config:0000000000000000 SystemClock_Config
/var/folders/_c/3mvhhp0n6c911sz2x6pc3_n40000gn/T//ccNQ0Myz.s:431    .text.main:0000000000000000 $t
/var/folders/_c/3mvhhp0n6c911sz2x6pc3_n40000gn/T//ccNQ0Myz.s:438    .text.main:0000000000000000 main
/var/folders/_c/3mvhhp0n6c911sz2x6pc3_n40000gn/T//ccNQ0Myz.s:557    .text.main:000000000000007c $d
/var/folders/_c/3mvhhp0n6c911sz2x6pc3_n40000gn/T//ccNQ0Myz.s:568    .text.HAL_GPIO_EXTI_Callback:0000000000000000 $t
/var/folders/_c/3mvhhp0n6c911sz2x6pc3_n40000gn/T//ccNQ0Myz.s:575    .text.HAL_GPIO_EXTI_Callback:0000000000000000 HAL_GPIO_EXTI_Callback
/var/folders/_c/3mvhhp0n6c911sz2x6pc3_n40000gn/T//ccNQ0Myz.s:606    .text.HAL_GPIO_EXTI_Callback:0000000000000018 $d
/var/folders/_c/3mvhhp0n6c911sz2x6pc3_n40000gn/T//ccNQ0Myz.s:611    .text.HAL_TIM_PeriodElapsedCallback:0000000000000000 $t
/var/folders/_c/3mvhhp0n6c911sz2x6pc3_n40000gn/T//ccNQ0Myz.s:618    .text.HAL_TIM_PeriodElapsedCallback:0000000000000000 HAL_TIM_PeriodElapsedCallback
/var/folders/_c/3mvhhp0n6c911sz2x6pc3_n40000gn/T//ccNQ0Myz.s:651    .text.HAL_TIM_PeriodElapsedCallback:0000000000000018 $d
/var/folders/_c/3mvhhp0n6c911sz2x6pc3_n40000gn/T//ccNQ0Myz.s:657    .text.Error_Handler:0000000000000000 $t
/var/folders/_c/3mvhhp0n6c911sz2x6pc3_n40000gn/T//ccNQ0Myz.s:664    .text.Error_Handler:0000000000000000 Error_Handler
/var/folders/_c/3mvhhp0n6c911sz2x6pc3_n40000gn/T//ccNQ0Myz.s:684    .bss.seconds_elapsed:0000000000000000 seconds_elapsed
/var/folders/_c/3mvhhp0n6c911sz2x6pc3_n40000gn/T//ccNQ0Myz.s:691    .data.spi_data:0000000000000000 spi_data
/var/folders/_c/3mvhhp0n6c911sz2x6pc3_n40000gn/T//ccNQ0Myz.s:685    .bss.seconds_elapsed:0000000000000000 $d
/var/folders/_c/3mvhhp0n6c911sz2x6pc3_n40000gn/T//ccNQ0Myz.s:687    .data.spi_data:0000000000000000 $d

UNDEFINED SYMBOLS
HAL_GPIO_WritePin
HAL_GPIO_Init
HAL_NVIC_SetPriority
HAL_NVIC_EnableIRQ
HAL_TIM_Base_Init
HAL_TIM_ConfigClockSource
HAL_TIMEx_MasterConfigSynchronization
HAL_SPI_Init
memset
HAL_RCC_OscConfig
HAL_RCC_ClockConfig
HAL_Init
HAL_TIM_Base_Start_IT
HAL_SPI_Transmit_IT
HAL_GPIO_TogglePin
